2007.08.17 11:29 B C:\Documents and Settings\adroVa\My Documents\KOPAR\web\images\barraproductos.jpg <-- KOPAR /www/new/images barraproductos.jpg
2007.08.17 11:29 B C:\Documents and Settings\adroVa\My Documents\KOPAR\web\images\cr.jpg <-- KOPAR /www/new/images cr.jpg
2007.08.17 11:29 B C:\Documents and Settings\adroVa\My Documents\KOPAR\web\images\edi.jpg <-- KOPAR /www/new/images edi.jpg
2007.08.17 11:29 B C:\Documents and Settings\adroVa\My Documents\KOPAR\web\images\foto1.jpg <-- KOPAR /www/new/images foto1.jpg
2007.08.17 11:29 B C:\Documents and Settings\adroVa\My Documents\KOPAR\web\images\foto4.jpg <-- KOPAR /www/new/images foto4.jpg
2007.08.17 11:29 B C:\Documents and Settings\adroVa\My Documents\KOPAR\web\images\foto6.jpg <-- KOPAR /www/new/images foto6.jpg
2007.08.17 11:29 B C:\Documents and Settings\adroVa\My Documents\KOPAR\web\images\foto7.jpg <-- KOPAR /www/new/images foto7.jpg
2007.08.17 11:29 B C:\Documents and Settings\adroVa\My Documents\KOPAR\web\images\kopar.jpg <-- KOPAR /www/new/images kopar.jpg
2007.08.17 11:30 B C:\Documents and Settings\adroVa\My Documents\KOPAR\web\images\koparback.jpg <-- KOPAR /www/new/images koparback.jpg
2007.08.17 11:30 B C:\Documents and Settings\adroVa\My Documents\KOPAR\web\images\koparback2.jpg <-- KOPAR /www/new/images koparback2.jpg
2007.08.17 11:30 B C:\Documents and Settings\adroVa\My Documents\KOPAR\web\images\linea.jpg <-- KOPAR /www/new/images linea.jpg
2007.08.17 11:30 B C:\Documents and Settings\adroVa\My Documents\KOPAR\web\images\mx.jpg <-- KOPAR /www/new/images mx.jpg
2007.08.17 11:30 B C:\Documents and Settings\adroVa\My Documents\KOPAR\web\images\noticias.jpg <-- KOPAR /www/new/images noticias.jpg
2007.08.17 11:30 B C:\Documents and Settings\adroVa\My Documents\KOPAR\web\images\ofi1.jpg <-- KOPAR /www/new/images ofi1.jpg
2007.08.17 11:30 B C:\Documents and Settings\adroVa\My Documents\KOPAR\web\images\ofi2.jpg <-- KOPAR /www/new/images ofi2.jpg
2007.08.17 11:30 B C:\Documents and Settings\adroVa\My Documents\KOPAR\web\images\people1.jpg <-- KOPAR /www/new/images people1.jpg
2007.08.17 11:30 B C:\Documents and Settings\adroVa\My Documents\KOPAR\web\images\people2.jpg <-- KOPAR /www/new/images people2.jpg
2007.08.17 11:30 B C:\Documents and Settings\adroVa\My Documents\KOPAR\web\images\usa.jpg <-- KOPAR /www/new/images usa.jpg
2007.08.17 14:01 B C:\Documents and Settings\adroVa\My Documents\KOPAR\web\images\tslots.gif --> ftp.kopar.com.mx /www/new/images tslots.gif
2007.08.24 09:40 B C:\Documents and Settings\adroVa\My Documents\KOPAR\web\images\conststruccionbar.jpg --> ftp.kopar.com.mx /www/new/images conststruccionbar.jpg
2007.08.24 12:59 B C:\Documents and Settings\adroVa\My Documents\KOPAR\web\images\barraproductos.jpg --> ftp.kopar.com.mx /www/images barraproductos.jpg
2007.08.24 12:59 B C:\Documents and Settings\adroVa\My Documents\KOPAR\web\images\construccion.gif --> ftp.kopar.com.mx /www/images construccion.gif
2007.08.24 12:59 B C:\Documents and Settings\adroVa\My Documents\KOPAR\web\images\conststruccionbar.jpg --> ftp.kopar.com.mx /www/images conststruccionbar.jpg
2007.08.24 12:59 B C:\Documents and Settings\adroVa\My Documents\KOPAR\web\images\cr.jpg --> ftp.kopar.com.mx /www/images cr.jpg
2007.08.24 12:59 B C:\Documents and Settings\adroVa\My Documents\KOPAR\web\images\edi.jpg --> ftp.kopar.com.mx /www/images edi.jpg
2007.08.24 12:59 B C:\Documents and Settings\adroVa\My Documents\KOPAR\web\images\foto1.jpg --> ftp.kopar.com.mx /www/images foto1.jpg
2007.08.24 12:59 B C:\Documents and Settings\adroVa\My Documents\KOPAR\web\images\foto4.jpg --> ftp.kopar.com.mx /www/images foto4.jpg
2007.08.24 13:00 B C:\Documents and Settings\adroVa\My Documents\KOPAR\web\images\foto6.jpg --> ftp.kopar.com.mx /www/images foto6.jpg
2007.08.24 13:00 B C:\Documents and Settings\adroVa\My Documents\KOPAR\web\images\foto7.jpg --> ftp.kopar.com.mx /www/images foto7.jpg
2007.08.24 13:00 B C:\Documents and Settings\adroVa\My Documents\KOPAR\web\images\kopar.jpg --> ftp.kopar.com.mx /www/images kopar.jpg
2007.08.24 13:00 B C:\Documents and Settings\adroVa\My Documents\KOPAR\web\images\koparback.jpg --> ftp.kopar.com.mx /www/images koparback.jpg
2007.08.24 13:00 B C:\Documents and Settings\adroVa\My Documents\KOPAR\web\images\koparback2.jpg --> ftp.kopar.com.mx /www/images koparback2.jpg
2007.08.24 13:00 B C:\Documents and Settings\adroVa\My Documents\KOPAR\web\images\linea.jpg --> ftp.kopar.com.mx /www/images linea.jpg
2007.08.24 13:00 B C:\Documents and Settings\adroVa\My Documents\KOPAR\web\images\mx.jpg --> ftp.kopar.com.mx /www/images mx.jpg
2007.08.24 13:00 B C:\Documents and Settings\adroVa\My Documents\KOPAR\web\images\noticias.jpg --> ftp.kopar.com.mx /www/images noticias.jpg
2007.08.24 13:00 B C:\Documents and Settings\adroVa\My Documents\KOPAR\web\images\ofi1.jpg --> ftp.kopar.com.mx /www/images ofi1.jpg
2007.08.24 13:00 B C:\Documents and Settings\adroVa\My Documents\KOPAR\web\images\ofi2.jpg --> ftp.kopar.com.mx /www/images ofi2.jpg
2007.08.24 13:00 B C:\Documents and Settings\adroVa\My Documents\KOPAR\web\images\people1.jpg --> ftp.kopar.com.mx /www/images people1.jpg
2007.08.24 13:00 B C:\Documents and Settings\adroVa\My Documents\KOPAR\web\images\people2.jpg --> ftp.kopar.com.mx /www/images people2.jpg
2007.08.24 13:00 B C:\Documents and Settings\adroVa\My Documents\KOPAR\web\images\tslots.gif --> ftp.kopar.com.mx /www/images tslots.gif
2007.08.24 13:00 B C:\Documents and Settings\adroVa\My Documents\KOPAR\web\images\usa.jpg --> ftp.kopar.com.mx /www/images usa.jpg
2007.08.24 13:00 B C:\Documents and Settings\adroVa\My Documents\KOPAR\web\images\WS_FTP.LOG --> ftp.kopar.com.mx /www/images WS_FTP.LOG
2007.08.24 13:07 B C:\Documents and Settings\adroVa\My Documents\KOPAR\web\images\noticias.jpg --> ftp.kopar.com.mx /www/images noticias.jpg
2007.09.03 12:55 B C:\Documents and Settings\adroVa\My Documents\KOPAR\web\images\mdn.jpg --> ftp.kopar.com.mx /www/images mdn.jpg
